# JRE version: Java(TM) SE Runtime Environment (8.0_101-b13) (build 1.8.0_101-b13)
# Java VM: Java HotSpot(TM) 64-Bit Server VM (25.101-b13 mixed mode windows-amd64 compressed oops)
Heap:
 PSYoungGen      total 31744K, used 30637K [0x00000000d5f00000, 0x00000000d9600000, 0x0000000100000000)
  eden space 26624K, 95% used [0x00000000d5f00000,0x00000000d77eb4b8,0x00000000d7900000)
  from space 5120K, 100% used [0x00000000d8480000,0x00000000d8980000,0x00000000d8980000)
  to   space 11776K, 0% used [0x00000000d7900000,0x00000000d7900000,0x00000000d8480000)
 ParOldGen       total 87552K, used 19379K [0x0000000081c00000, 0x0000000087180000, 0x00000000d5f00000)
  object space 87552K, 22% used [0x0000000081c00000,0x0000000082eecd48,0x0000000087180000)
 Metaspace       used 26256K, capacity 28108K, committed 28416K, reserved 1073152K
  class space    used 3671K, capacity 3981K, committed 4096K, reserved 1048576K
GC Heap History (10 events):
Event: 3.284 GC heap before
{Heap before GC invocations=3 (full 1):
 PSYoungGen      total 38400K, used 4466K [0x00000000d5f00000, 0x00000000d8980000, 0x0000000100000000)
  eden space 33280K, 0% used [0x00000000d5f00000,0x00000000d5f00000,0x00000000d7f80000)
  from space 5120K, 87% used [0x00000000d8480000,0x00000000d88dcad0,0x00000000d8980000)
  to   space 5120K, 0% used [0x00000000d7f80000,0x00000000d7f80000,0x00000000d8480000)
 ParOldGen       total 87552K, used 5267K [0x0000000081c00000, 0x0000000087180000, 0x00000000d5f00000)
  object space 87552K, 6% used [0x0000000081c00000,0x0000000082124d90,0x0000000087180000)
 Metaspace       used 16906K, capacity 17600K, committed 17792K, reserved 1064960K
  class space    used 2455K, capacity 2635K, committed 2688K, reserved 1048576K
Event: 3.312 GC heap after
Heap after GC invocations=3 (full 1):
 PSYoungGen      total 38400K, used 0K [0x00000000d5f00000, 0x00000000d8980000, 0x0000000100000000)
  eden space 33280K, 0% used [0x00000000d5f00000,0x00000000d5f00000,0x00000000d7f80000)
  from space 5120K, 0% used [0x00000000d8480000,0x00000000d8480000,0x00000000d8980000)
  to   space 5120K, 0% used [0x00000000d7f80000,0x00000000d7f80000,0x00000000d8480000)
 ParOldGen       total 87552K, used 7292K [0x0000000081c00000, 0x0000000087180000, 0x00000000d5f00000)
  object space 87552K, 8% used [0x0000000081c00000,0x000000008231f3c8,0x0000000087180000)
 Metaspace       used 16906K, capacity 17600K, committed 17792K, reserved 1064960K
  class space    used 2455K, capacity 2635K, committed 2688K, reserved 1048576K
}
Event: 5.188 GC heap before
{Heap before GC invocations=4 (full 1):
 PSYoungGen      total 38400K, used 33280K [0x00000000d5f00000, 0x00000000d8980000, 0x0000000100000000)
  eden space 33280K, 100% used [0x00000000d5f00000,0x00000000d7f80000,0x00000000d7f80000)
  from space 5120K, 0% used [0x00000000d8480000,0x00000000d8480000,0x00000000d8980000)
  to   space 5120K, 0% used [0x00000000d7f80000,0x00000000d7f80000,0x00000000d8480000)
 ParOldGen       total 87552K, used 7292K [0x0000000081c00000, 0x0000000087180000, 0x00000000d5f00000)
  object space 87552K, 8% used [0x0000000081c00000,0x000000008231f3c8,0x0000000087180000)
 Metaspace       used 22593K, capacity 24166K, committed 24192K, reserved 1069056K
  class space    used 3382K, capacity 3690K, committed 3712K, reserved 1048576K
Event: 5.196 GC heap after
Heap after GC invocations=4 (full 1):
 PSYoungGen      total 38400K, used 5088K [0x00000000d5f00000, 0x00000000d8980000, 0x0000000100000000)
  eden space 33280K, 0% used [0x00000000d5f00000,0x00000000d5f00000,0x00000000d7f80000)
  from space 5120K, 99% used [0x00000000d7f80000,0x00000000d8478000,0x00000000d8480000)
  to   space 5120K, 0% used [0x00000000d8480000,0x00000000d8480000,0x00000000d8980000)
 ParOldGen       total 87552K, used 7300K [0x0000000081c00000, 0x0000000087180000, 0x00000000d5f00000)
  object space 87552K, 8% used [0x0000000081c00000,0x00000000823213c8,0x0000000087180000)
 Metaspace       used 22593K, capacity 24166K, committed 24192K, reserved 1069056K
  class space    used 3382K, capacity 3690K, committed 3712K, reserved 1048576K
}
Event: 36.454 GC heap before
{Heap before GC invocations=5 (full 1):
 PSYoungGen      total 38400K, used 38368K [0x00000000d5f00000, 0x00000000d8980000, 0x0000000100000000)
  eden space 33280K, 100% used [0x00000000d5f00000,0x00000000d7f80000,0x00000000d7f80000)
  from space 5120K, 99% used [0x00000000d7f80000,0x00000000d8478000,0x00000000d8480000)
  to   space 5120K, 0% used [0x00000000d8480000,0x00000000d8480000,0x00000000d8980000)
 ParOldGen       total 87552K, used 7300K [0x0000000081c00000, 0x0000000087180000, 0x00000000d5f00000)
  object space 87552K, 8% used [0x0000000081c00000,0x00000000823213c8,0x0000000087180000)
 Metaspace       used 24388K, capacity 26064K, committed 26368K, reserved 1071104K
  class space    used 3478K, capacity 3789K, committed 3840K, reserved 1048576K
Event: 36.471 GC heap after
Heap after GC invocations=5 (full 1):
 PSYoungGen      total 38400K, used 5120K [0x00000000d5f00000, 0x00000000d8980000, 0x0000000100000000)
  eden space 33280K, 0% used [0x00000000d5f00000,0x00000000d5f00000,0x00000000d7f80000)
  from space 5120K, 100% used [0x00000000d8480000,0x00000000d8980000,0x00000000d8980000)
  to   space 5120K, 0% used [0x00000000d7f80000,0x00000000d7f80000,0x00000000d8480000)
 ParOldGen       total 87552K, used 15815K [0x0000000081c00000, 0x0000000087180000, 0x00000000d5f00000)
  object space 87552K, 18% used [0x0000000081c00000,0x0000000082b71c98,0x0000000087180000)
 Metaspace       used 24388K, capacity 26064K, committed 26368K, reserved 1071104K
  class space    used 3478K, capacity 3789K, committed 3840K, reserved 1048576K
}
Event: 135.754 GC heap before
{Heap before GC invocations=6 (full 1):
 PSYoungGen      total 38400K, used 38400K [0x00000000d5f00000, 0x00000000d8980000, 0x0000000100000000)
  eden space 33280K, 100% used [0x00000000d5f00000,0x00000000d7f80000,0x00000000d7f80000)
  from space 5120K, 100% used [0x00000000d8480000,0x00000000d8980000,0x00000000d8980000)
  to   space 5120K, 0% used [0x00000000d7f80000,0x00000000d7f80000,0x00000000d8480000)
 ParOldGen       total 87552K, used 15815K [0x0000000081c00000, 0x0000000087180000, 0x00000000d5f00000)
  object space 87552K, 18% used [0x0000000081c00000,0x0000000082b71c98,0x0000000087180000)
 Metaspace       used 25234K, capacity 27020K, committed 27136K, reserved 1073152K
  class space    used 3512K, capacity 3837K, committed 3840K, reserved 1048576K
Event: 135.762 GC heap after
Heap after GC invocations=6 (full 1):
 PSYoungGen      total 38400K, used 5120K [0x00000000d5f00000, 0x00000000d8980000, 0x0000000100000000)
  eden space 33280K, 0% used [0x00000000d5f00000,0x00000000d5f00000,0x00000000d7f80000)
  from space 5120K, 100% used [0x00000000d7f80000,0x00000000d8480000,0x00000000d8480000)
  to   space 5120K, 0% used [0x00000000d8480000,0x00000000d8480000,0x00000000d8980000)
 ParOldGen       total 87552K, used 16903K [0x0000000081c00000, 0x0000000087180000, 0x00000000d5f00000)
  object space 87552K, 19% used [0x0000000081c00000,0x0000000082c81c98,0x0000000087180000)
 Metaspace       used 25234K, capacity 27020K, committed 27136K, reserved 1073152K
  class space    used 3512K, capacity 3837K, committed 3840K, reserved 1048576K
}
Event: 221.664 GC heap before
{Heap before GC invocations=7 (full 1):
 PSYoungGen      total 38400K, used 38400K [0x00000000d5f00000, 0x00000000d8980000, 0x0000000100000000)
  eden space 33280K, 100% used [0x00000000d5f00000,0x00000000d7f80000,0x00000000d7f80000)
  from space 5120K, 100% used [0x00000000d7f80000,0x00000000d8480000,0x00000000d8480000)
  to   space 5120K, 0% used [0x00000000d8480000,0x00000000d8480000,0x00000000d8980000)
 ParOldGen       total 87552K, used 16903K [0x0000000081c00000, 0x0000000087180000, 0x00000000d5f00000)
  object space 87552K, 19% used [0x0000000081c00000,0x0000000082c81c98,0x0000000087180000)
 Metaspace       used 25570K, capacity 27412K, committed 27520K, reserved 1073152K
  class space    used 3549K, capacity 3897K, committed 3968K, reserved 1048576K
Event: 221.676 GC heap after
Heap after GC invocations=7 (full 1):
 PSYoungGen      total 31744K, used 5120K [0x00000000d5f00000, 0x00000000d9600000, 0x0000000100000000)
  eden space 26624K, 0% used [0x00000000d5f00000,0x00000000d5f00000,0x00000000d7900000)
  from space 5120K, 100% used [0x00000000d8480000,0x00000000d8980000,0x00000000d8980000)
  to   space 11776K, 0% used [0x00000000d7900000,0x00000000d7900000,0x00000000d8480000)
 ParOldGen       total 87552K, used 19379K [0x0000000081c00000, 0x0000000087180000, 0x00000000d5f00000)
  object space 87552K, 22% used [0x0000000081c00000,0x0000000082eecd48,0x0000000087180000)
 Metaspace       used 25570K, capacity 27412K, committed 27520K, reserved 1073152K
  class space    used 3549K, capacity 3897K, committed 3968K, reserved 1048576K
}

